[ADMS] PUSH SN=8116255100515 table=ATTLOG bodyLen=39
>>> BODY BEGIN <<<
5	2026-07-14 17:03:20	0	1	0	0	0	0	0	0	

>>> BODY END <<<
[ADMS] parseAndSaveAttLogs OK inserted=1
[ADMS] OK SN=8116255100515 table=ATTLOG result="OK\n"
[ADMS] PUSH SN=8116255100515 table=ATTLOG bodyLen=39
>>> BODY BEGIN <<<
7	2026-07-14 17:03:32	0	1	0	0	0	0	0	0	

>>> BODY END <<<
[ADMS] parseAndSaveAttLogs OK inserted=1
[ADMS] OK SN=8116255100515 table=ATTLOG result="OK\n"
[ADMS] PUSH SN=8116255100515 table=ATTLOG bodyLen=39
>>> BODY BEGIN <<<
8	2026-07-14 17:03:46	0	1	0	0	0	0	0	0	

>>> BODY END <<<
[ADMS] parseAndSaveAttLogs OK inserted=1
[ADMS] OK SN=8116255100515 table=ATTLOG result="OK\n"
[ADMS] PUSH SN=8116255100515 table=ATTLOG bodyLen=41
>>> BODY BEGIN <<<
113	2026-07-14 17:03:55	0	1	0	0	0	0	0	0	

>>> BODY END <<<
[ADMS] parseAndSaveAttLogs OK inserted=1
[ADMS] OK SN=8116255100515 table=ATTLOG result="OK\n"
[ADMS] PUSH SN=8116255100515 table=OPERLOG bodyLen=38
>>> BODY BEGIN <<<
OPLOG 4	0	2026-07-14 17:04:22	0	0	0	0

>>> BODY END <<<
[ADMS] OK SN=8116255100515 table=OPERLOG result="OK\n"
[ADMS] COMMAND sent to SN=8116255100515: "C:19:DATA UPDATE USER PIN=1009\tName=Nguyễn\tPri=0\tPasswd=\tCard=\tGrp=1\n"
[ADMS] DEVICECMD SN=8116255100515 body="ID=19&Return=-1004&CMD=DATA\n"
[ADMS] COMMAND sent to SN=8116255100515: "C:20:ENROLL_INFO PIN=1009\tTYPE=1\tRETRY=3\tMODE=1\n"
[ADMS] DEVICECMD SN=8116255100515 body="ID=20&Return=-1002&CMD=\n"
