[ADMS] REGISTER SN=8116255100515 query=SN=8116255100515&options=all&language=86&pushver=2.4.1
[ADMS] Config response: "RegistryOK\nDelay=10\nErrorDelay=30\nTransInterval=1\nRealtime=1\nEncrypt=None\n"
[ADMS] GETREQUEST SN=8116255100515 no pending command
[ADMS] GETREQUEST SN=8116255100515 response="OK\n"
[ADMS] GETREQUEST SN=8116255100515 no pending command
[ADMS] GETREQUEST SN=8116255100515 response="OK\n"
[ADMS] GETREQUEST SN=8116255100515 no pending command
[ADMS] GETREQUEST SN=8116255100515 response="OK\n"
[ADMS] GETREQUEST SN=8116255100515 no pending command
[ADMS] GETREQUEST SN=8116255100515 response="OK\n"
[ADMS] GETREQUEST SN=8116255100515 no pending command
[ADMS] GETREQUEST SN=8116255100515 response="OK\n"
[ADMS] GETREQUEST SN=8116255100515 no pending command
[ADMS] GETREQUEST SN=8116255100515 response="OK\n"
[ADMS] PUSH SN=8116255100515 table=ATTLOG bodyLen=320
>>> BODY BEGIN <<<
08	2026-07-20 11:06:51	0	1	0	0	0	0	0	0	
07	2026-07-20 11:06:57	0	1	0	0	0	0	0	0	
07	2026-07-20 11:07:08	0	1	0	0	0	0	0	0	
07	2026-07-20 11:07:11	0	1	0	0	0	0	0	0	
08	2026-07-20 11:07:59	0	1	0	0	0	0	0	0	
08	2026-07-20 11:23:29	0	1	0	0	0	0	0	0	
07	2026-07-20 11:23:32	0	1	0	0	0	0	0	0	
07	2026-07-20 11:23:37	0	1	0	0	0	0	0	0	

>>> BODY END <<<
[ADMS] parseAndSaveAttLogs OK inserted=8
[ADMS] OK SN=8116255100515 table=ATTLOG result="OK\n"
[ADMS] PUSH SN=8116255100515 table=OPERLOG bodyLen=114
>>> BODY BEGIN <<<
OPLOG 0	0	2026-07-20 11:24:29	0	0	0	0
OPLOG 4	0	2026-07-20 11:25:00	0	0	0	0
OPLOG 4	0	2026-07-20 11:25:07	0	0	0	0

>>> BODY END <<<
[ADMS] OK SN=8116255100515 table=OPERLOG result="OK\n"
[ADMS] GETREQUEST SN=8116255100515 no pending command
[ADMS] GETREQUEST SN=8116255100515 response="OK\n"
[ADMS] PUSH SN=8116255100515 table=ATTLOG bodyLen=40
>>> BODY BEGIN <<<
06	2026-07-20 11:25:38	1	1	0	0	0	0	0	0	

>>> BODY END <<<
[ADMS] parseAndSaveAttLogs OK inserted=1
[ADMS] OK SN=8116255100515 table=ATTLOG result="OK\n"
[ADMS] GETREQUEST SN=8116255100515 no pending command
[ADMS] GETREQUEST SN=8116255100515 response="OK\n"
[ADMS] GETREQUEST SN=8116255100515 no pending command
[ADMS] GETREQUEST SN=8116255100515 response="OK\n"
[ADMS] GETREQUEST SN=8116255100515 no pending command
[ADMS] GETREQUEST SN=8116255100515 response="OK\n"
[ADMS] GETREQUEST SN=8116255100515 no pending command
[ADMS] GETREQUEST SN=8116255100515 response="OK\n"
[ADMS] GETREQUEST SN=8116255100515 no pending command
[ADMS] GETREQUEST SN=8116255100515 response="OK\n"
[ADMS] PUSH SN=8116255100515 table=OPERLOG bodyLen=38
>>> BODY BEGIN <<<
OPLOG 4	0	2026-07-20 11:26:06	0	0	0	0

>>> BODY END <<<
[ADMS] OK SN=8116255100515 table=OPERLOG result="OK\n"
