2026-07-14T17:02:12.738+0700	INFO	scheduler/scheduler.go:77	Background 10-second sync worker started
2026-07-14T17:02:12.738+0700	INFO	server/main.go:123	server starting	{"port": 8085}
2026-07-14T17:02:13.480+0700	INFO	http/middleware.go:32	http_request	{"request_id": "LAPTOP-AT8PMRGO/LQmAL2DF7p-000001", "method": "GET", "path": "/iclock/getrequest", "status": 200, "duration": "18.0027ms"}
2026-07-14T17:02:23.555+0700	INFO	http/middleware.go:32	http_request	{"request_id": "LAPTOP-AT8PMRGO/LQmAL2DF7p-000004", "method": "GET", "path": "/iclock/getrequest", "status": 200, "duration": "1.9654ms"}
2026-07-14T17:02:33.540+0700	INFO	http/middleware.go:32	http_request	{"request_id": "LAPTOP-AT8PMRGO/LQmAL2DF7p-000005", "method": "GET", "path": "/iclock/getrequest", "status": 200, "duration": "3.7403ms"}
2026-07-14T17:02:43.512+0700	INFO	http/middleware.go:32	http_request	{"request_id": "LAPTOP-AT8PMRGO/LQmAL2DF7p-000006", "method": "GET", "path": "/iclock/getrequest", "status": 200, "duration": "2.8553ms"}
2026-07-14T17:02:53.679+0700	INFO	http/middleware.go:32	http_request	{"request_id": "LAPTOP-AT8PMRGO/LQmAL2DF7p-000007", "method": "GET", "path": "/iclock/getrequest", "status": 200, "duration": "2.6581ms"}
2026-07-14T17:03:03.552+0700	INFO	http/middleware.go:32	http_request	{"request_id": "LAPTOP-AT8PMRGO/LQmAL2DF7p-000008", "method": "GET", "path": "/iclock/getrequest", "status": 200, "duration": "2.1048ms"}
2026-07-14T17:03:08.933+0700	INFO	http/middleware.go:32	http_request	{"request_id": "LAPTOP-AT8PMRGO/LQmAL2DF7p-000009", "method": "GET", "path": "/", "status": 304, "duration": "2.2083ms"}
2026-07-14T17:03:08.977+0700	INFO	http/middleware.go:32	http_request	{"request_id": "LAPTOP-AT8PMRGO/LQmAL2DF7p-000002", "method": "GET", "path": "/api/v1/stream", "status": 200, "duration": "54.7248548s"}
2026-07-14T17:03:09.058+0700	INFO	http/middleware.go:32	http_request	{"request_id": "LAPTOP-AT8PMRGO/LQmAL2DF7p-000010", "method": "GET", "path": "/app.js", "status": 304, "duration": "511.7µs"}
2026-07-14T17:03:09.164+0700	INFO	http/middleware.go:32	http_request	{"request_id": "LAPTOP-AT8PMRGO/LQmAL2DF7p-000011", "method": "GET", "path": "/api/v1/devices", "status": 200, "duration": "48.0382ms"}
2026-07-14T17:03:09.231+0700	INFO	http/middleware.go:32	http_request	{"request_id": "LAPTOP-AT8PMRGO/LQmAL2DF7p-000012", "method": "GET", "path": "/api/v1/attendance-logs", "status": 200, "duration": "101.0765ms"}
2026-07-14T17:03:09.563+0700	INFO	http/middleware.go:32	http_request	{"request_id": "LAPTOP-AT8PMRGO/LQmAL2DF7p-000014", "method": "GET", "path": "/api/v1/shifts", "status": 200, "duration": "426.418ms"}
2026-07-14T17:03:09.602+0700	INFO	http/middleware.go:32	http_request	{"request_id": "LAPTOP-AT8PMRGO/LQmAL2DF7p-000017", "method": "GET", "path": "/api/v1/audit-logs", "status": 200, "duration": "387.8762ms"}
2026-07-14T17:03:09.602+0700	INFO	http/middleware.go:32	http_request	{"request_id": "LAPTOP-AT8PMRGO/LQmAL2DF7p-000013", "method": "GET", "path": "/api/v1/employees", "status": 200, "duration": "467.5189ms"}
2026-07-14T17:03:09.637+0700	INFO	http/middleware.go:32	http_request	{"request_id": "LAPTOP-AT8PMRGO/LQmAL2DF7p-000016", "method": "GET", "path": "/api/v1/sync-history", "status": 200, "duration": "496.5983ms"}
2026-07-14T17:03:09.645+0700	INFO	http/middleware.go:32	http_request	{"request_id": "LAPTOP-AT8PMRGO/LQmAL2DF7p-000015", "method": "GET", "path": "/api/v1/dashboard/stats", "status": 200, "duration": "508.5631ms"}
2026-07-14T17:03:09.985+0700	INFO	http/middleware.go:32	http_request	{"request_id": "LAPTOP-AT8PMRGO/LQmAL2DF7p-000019", "method": "GET", "path": "/api/v1/daily-attendance/report", "status": 200, "duration": "30.6182ms"}
2026-07-14T17:03:10.088+0700	INFO	http/middleware.go:32	http_request	{"request_id": "LAPTOP-AT8PMRGO/LQmAL2DF7p-000020", "method": "GET", "path": "/favicon.ico", "status": 304, "duration": "516.4µs"}
2026-07-14T17:03:10.928+0700	INFO	http/middleware.go:32	http_request	{"request_id": "LAPTOP-AT8PMRGO/LQmAL2DF7p-000021", "method": "GET", "path": "/api/v1/attendance-logs", "status": 200, "duration": "2.5107ms"}
2026-07-14T17:03:10.932+0700	INFO	http/middleware.go:32	http_request	{"request_id": "LAPTOP-AT8PMRGO/LQmAL2DF7p-000022", "method": "GET", "path": "/api/v1/attendance-logs", "status": 200, "duration": "3.2029ms"}
2026-07-14T17:03:11.012+0700	INFO	http/middleware.go:32	http_request	{"request_id": "LAPTOP-AT8PMRGO/LQmAL2DF7p-000023", "method": "GET", "path": "/api/v1/daily-attendance/report", "status": 200, "duration": "1.2239ms"}
2026-07-14T17:03:11.023+0700	INFO	http/middleware.go:32	http_request	{"request_id": "LAPTOP-AT8PMRGO/LQmAL2DF7p-000024", "method": "GET", "path": "/api/v1/daily-attendance/report", "status": 200, "duration": "9.9686ms"}
2026-07-14T17:03:14.515+0700	INFO	http/middleware.go:32	http_request	{"request_id": "LAPTOP-AT8PMRGO/LQmAL2DF7p-000025", "method": "GET", "path": "/iclock/getrequest", "status": 200, "duration": "2.7259ms"}
2026-07-14T17:03:19.288+0700	INFO	http/middleware.go:32	http_request	{"request_id": "LAPTOP-AT8PMRGO/LQmAL2DF7p-000026", "method": "POST", "path": "/iclock/cdata", "status": 200, "duration": "66.0804ms"}
2026-07-14T17:03:19.325+0700	INFO	http/middleware.go:32	http_request	{"request_id": "LAPTOP-AT8PMRGO/LQmAL2DF7p-000027", "method": "GET", "path": "/api/v1/attendance-logs", "status": 200, "duration": "35.436ms"}
2026-07-14T17:03:19.394+0700	INFO	http/middleware.go:32	http_request	{"request_id": "LAPTOP-AT8PMRGO/LQmAL2DF7p-000028", "method": "GET", "path": "/api/v1/devices", "status": 200, "duration": "3.2956ms"}
2026-07-14T17:03:19.412+0700	INFO	http/middleware.go:32	http_request	{"request_id": "LAPTOP-AT8PMRGO/LQmAL2DF7p-000029", "method": "GET", "path": "/api/v1/daily-attendance/report", "status": 200, "duration": "11.4007ms"}
2026-07-14T17:03:19.429+0700	INFO	http/middleware.go:32	http_request	{"request_id": "LAPTOP-AT8PMRGO/LQmAL2DF7p-000031", "method": "GET", "path": "/api/v1/attendance-logs", "status": 200, "duration": "7.8597ms"}
2026-07-14T17:03:19.431+0700	INFO	http/middleware.go:32	http_request	{"request_id": "LAPTOP-AT8PMRGO/LQmAL2DF7p-000030", "method": "GET", "path": "/api/v1/employees", "status": 200, "duration": "9.9534ms"}
2026-07-14T17:03:19.464+0700	INFO	http/middleware.go:32	http_request	{"request_id": "LAPTOP-AT8PMRGO/LQmAL2DF7p-000034", "method": "GET", "path": "/api/v1/shifts", "status": 200, "duration": "13.2967ms"}
2026-07-14T17:03:19.466+0700	INFO	http/middleware.go:32	http_request	{"request_id": "LAPTOP-AT8PMRGO/LQmAL2DF7p-000033", "method": "GET", "path": "/api/v1/audit-logs", "status": 200, "duration": "16.153ms"}
2026-07-14T17:03:19.494+0700	INFO	http/middleware.go:32	http_request	{"request_id": "LAPTOP-AT8PMRGO/LQmAL2DF7p-000032", "method": "GET", "path": "/api/v1/sync-history", "status": 200, "duration": "72.1897ms"}
2026-07-14T17:03:19.525+0700	INFO	http/middleware.go:32	http_request	{"request_id": "LAPTOP-AT8PMRGO/LQmAL2DF7p-000035", "method": "GET", "path": "/api/v1/dashboard/stats", "status": 200, "duration": "62.7939ms"}
2026-07-14T17:03:19.550+0700	INFO	http/middleware.go:32	http_request	{"request_id": "LAPTOP-AT8PMRGO/LQmAL2DF7p-000036", "method": "GET", "path": "/api/v1/daily-attendance/report", "status": 200, "duration": "9.6473ms"}
2026-07-14T17:03:19.566+0700	INFO	http/middleware.go:32	http_request	{"request_id": "LAPTOP-AT8PMRGO/LQmAL2DF7p-000037", "method": "GET", "path": "/api/v1/devices", "status": 200, "duration": "1.4641ms"}
2026-07-14T17:03:19.568+0700	INFO	http/middleware.go:32	http_request	{"request_id": "LAPTOP-AT8PMRGO/LQmAL2DF7p-000038", "method": "GET", "path": "/api/v1/employees", "status": 200, "duration": "1.6644ms"}
2026-07-14T17:03:19.573+0700	INFO	http/middleware.go:32	http_request	{"request_id": "LAPTOP-AT8PMRGO/LQmAL2DF7p-000039", "method": "GET", "path": "/api/v1/attendance-logs", "status": 200, "duration": "3.7954ms"}
2026-07-14T17:03:19.585+0700	INFO	http/middleware.go:32	http_request	{"request_id": "LAPTOP-AT8PMRGO/LQmAL2DF7p-000043", "method": "GET", "path": "/api/v1/audit-logs", "status": 200, "duration": "4.1613ms"}
2026-07-14T17:03:19.590+0700	INFO	http/middleware.go:32	http_request	{"request_id": "LAPTOP-AT8PMRGO/LQmAL2DF7p-000042", "method": "GET", "path": "/api/v1/shifts", "status": 200, "duration": "9.0908ms"}
2026-07-14T17:03:19.609+0700	INFO	http/middleware.go:32	http_request	{"request_id": "LAPTOP-AT8PMRGO/LQmAL2DF7p-000041", "method": "GET", "path": "/api/v1/dashboard/stats", "status": 200, "duration": "31.0475ms"}
2026-07-14T17:03:19.612+0700	INFO	http/middleware.go:32	http_request	{"request_id": "LAPTOP-AT8PMRGO/LQmAL2DF7p-000040", "method": "GET", "path": "/api/v1/sync-history", "status": 200, "duration": "35.9053ms"}
2026-07-14T17:03:19.645+0700	INFO	http/middleware.go:32	http_request	{"request_id": "LAPTOP-AT8PMRGO/LQmAL2DF7p-000044", "method": "GET", "path": "/api/v1/devices", "status": 200, "duration": "757.1µs"}
2026-07-14T17:03:19.647+0700	INFO	http/middleware.go:32	http_request	{"request_id": "LAPTOP-AT8PMRGO/LQmAL2DF7p-000045", "method": "GET", "path": "/api/v1/employees", "status": 200, "duration": "2.5231ms"}
2026-07-14T17:03:19.701+0700	INFO	http/middleware.go:32	http_request	{"request_id": "LAPTOP-AT8PMRGO/LQmAL2DF7p-000048", "method": "GET", "path": "/api/v1/dashboard/stats", "status": 200, "duration": "54.0389ms"}
2026-07-14T17:03:19.704+0700	INFO	http/middleware.go:32	http_request	{"request_id": "LAPTOP-AT8PMRGO/LQmAL2DF7p-000047", "method": "GET", "path": "/api/v1/attendance-logs", "status": 200, "duration": "57.2354ms"}
2026-07-14T17:03:19.706+0700	INFO	http/middleware.go:32	http_request	{"request_id": "LAPTOP-AT8PMRGO/LQmAL2DF7p-000049", "method": "GET", "path": "/api/v1/shifts", "status": 200, "duration": "6.6237ms"}
2026-07-14T17:03:19.713+0700	INFO	http/middleware.go:32	http_request	{"request_id": "LAPTOP-AT8PMRGO/LQmAL2DF7p-000050", "method": "GET", "path": "/api/v1/audit-logs", "status": 200, "duration": "12.1572ms"}
2026-07-14T17:03:19.732+0700	INFO	http/middleware.go:32	http_request	{"request_id": "LAPTOP-AT8PMRGO/LQmAL2DF7p-000046", "method": "GET", "path": "/api/v1/sync-history", "status": 200, "duration": "85.8884ms"}
2026-07-14T17:03:19.831+0700	INFO	http/middleware.go:32	http_request	{"request_id": "LAPTOP-AT8PMRGO/LQmAL2DF7p-000051", "method": "GET", "path": "/api/v1/daily-attendance/report", "status": 200, "duration": "5.4619ms"}
2026-07-14T17:03:20.531+0700	INFO	http/middleware.go:32	http_request	{"request_id": "LAPTOP-AT8PMRGO/LQmAL2DF7p-000052", "method": "GET", "path": "/api/v1/daily-attendance/report", "status": 200, "duration": "4.1226ms"}
2026-07-14T17:03:24.535+0700	INFO	http/middleware.go:32	http_request	{"request_id": "LAPTOP-AT8PMRGO/LQmAL2DF7p-000053", "method": "GET", "path": "/iclock/getrequest", "status": 200, "duration": "10.7511ms"}
2026-07-14T17:03:31.355+0700	INFO	http/middleware.go:32	http_request	{"request_id": "LAPTOP-AT8PMRGO/LQmAL2DF7p-000054", "method": "POST", "path": "/iclock/cdata", "status": 200, "duration": "29.1833ms"}
2026-07-14T17:03:31.380+0700	INFO	http/middleware.go:32	http_request	{"request_id": "LAPTOP-AT8PMRGO/LQmAL2DF7p-000055", "method": "GET", "path": "/api/v1/attendance-logs", "status": 200, "duration": "5.483ms"}
2026-07-14T17:03:31.420+0700	INFO	http/middleware.go:32	http_request	{"request_id": "LAPTOP-AT8PMRGO/LQmAL2DF7p-000056", "method": "GET", "path": "/api/v1/employees", "status": 200, "duration": "6.1012ms"}
2026-07-14T17:03:31.428+0700	INFO	http/middleware.go:32	http_request	{"request_id": "LAPTOP-AT8PMRGO/LQmAL2DF7p-000057", "method": "GET", "path": "/api/v1/devices", "status": 200, "duration": "13.8254ms"}
2026-07-14T17:03:31.437+0700	INFO	http/middleware.go:32	http_request	{"request_id": "LAPTOP-AT8PMRGO/LQmAL2DF7p-000059", "method": "GET", "path": "/api/v1/attendance-logs", "status": 200, "duration": "9.5687ms"}
2026-07-14T17:03:31.457+0700	INFO	http/middleware.go:32	http_request	{"request_id": "LAPTOP-AT8PMRGO/LQmAL2DF7p-000060", "method": "GET", "path": "/api/v1/daily-attendance/report", "status": 200, "duration": "3.8144ms"}
2026-07-14T17:03:31.506+0700	INFO	http/middleware.go:32	http_request	{"request_id": "LAPTOP-AT8PMRGO/LQmAL2DF7p-000063", "method": "GET", "path": "/api/v1/audit-logs", "status": 200, "duration": "2.098ms"}
2026-07-14T17:03:31.508+0700	INFO	http/middleware.go:32	http_request	{"request_id": "LAPTOP-AT8PMRGO/LQmAL2DF7p-000062", "method": "GET", "path": "/api/v1/shifts", "status": 200, "duration": "6.2164ms"}
2026-07-14T17:03:31.516+0700	INFO	http/middleware.go:32	http_request	{"request_id": "LAPTOP-AT8PMRGO/LQmAL2DF7p-000058", "method": "GET", "path": "/api/v1/sync-history", "status": 200, "duration": "89.115ms"}
2026-07-14T17:03:31.524+0700	INFO	http/middleware.go:32	http_request	{"request_id": "LAPTOP-AT8PMRGO/LQmAL2DF7p-000061", "method": "GET", "path": "/api/v1/dashboard/stats", "status": 200, "duration": "28.4845ms"}
2026-07-14T17:03:31.590+0700	INFO	http/middleware.go:32	http_request	{"request_id": "LAPTOP-AT8PMRGO/LQmAL2DF7p-000064", "method": "GET", "path": "/api/v1/devices", "status": 200, "duration": "1.3623ms"}
2026-07-14T17:03:31.592+0700	INFO	http/middleware.go:32	http_request	{"request_id": "LAPTOP-AT8PMRGO/LQmAL2DF7p-000065", "method": "GET", "path": "/api/v1/employees", "status": 200, "duration": "2.0869ms"}
2026-07-14T17:03:31.602+0700	INFO	http/middleware.go:32	http_request	{"request_id": "LAPTOP-AT8PMRGO/LQmAL2DF7p-000066", "method": "GET", "path": "/api/v1/attendance-logs", "status": 200, "duration": "5.7169ms"}
2026-07-14T17:03:31.605+0700	INFO	http/middleware.go:32	http_request	{"request_id": "LAPTOP-AT8PMRGO/LQmAL2DF7p-000069", "method": "GET", "path": "/api/v1/shifts", "status": 200, "duration": "2.1871ms"}
2026-07-14T17:03:31.621+0700	INFO	http/middleware.go:32	http_request	{"request_id": "LAPTOP-AT8PMRGO/LQmAL2DF7p-000070", "method": "GET", "path": "/api/v1/audit-logs", "status": 200, "duration": "13.461ms"}
2026-07-14T17:03:31.632+0700	INFO	http/middleware.go:32	http_request	{"request_id": "LAPTOP-AT8PMRGO/LQmAL2DF7p-000068", "method": "GET", "path": "/api/v1/dashboard/stats", "status": 200, "duration": "29.3797ms"}
2026-07-14T17:03:31.636+0700	INFO	http/middleware.go:32	http_request	{"request_id": "LAPTOP-AT8PMRGO/LQmAL2DF7p-000067", "method": "GET", "path": "/api/v1/sync-history", "status": 200, "duration": "37.3224ms"}
2026-07-14T17:03:31.664+0700	INFO	http/middleware.go:32	http_request	{"request_id": "LAPTOP-AT8PMRGO/LQmAL2DF7p-000071", "method": "GET", "path": "/api/v1/daily-attendance/report", "status": 200, "duration": "24.1004ms"}
2026-07-14T17:03:31.667+0700	INFO	http/middleware.go:32	http_request	{"request_id": "LAPTOP-AT8PMRGO/LQmAL2DF7p-000074", "method": "GET", "path": "/api/v1/employees", "status": 200, "duration": "1.3556ms"}
2026-07-14T17:03:31.672+0700	INFO	http/middleware.go:32	http_request	{"request_id": "LAPTOP-AT8PMRGO/LQmAL2DF7p-000075", "method": "GET", "path": "/api/v1/devices", "status": 200, "duration": "5.4546ms"}
2026-07-14T17:03:31.687+0700	INFO	http/middleware.go:32	http_request	{"request_id": "LAPTOP-AT8PMRGO/LQmAL2DF7p-000077", "method": "GET", "path": "/api/v1/shifts", "status": 200, "duration": "15.215ms"}
2026-07-14T17:03:31.728+0700	INFO	http/middleware.go:32	http_request	{"request_id": "LAPTOP-AT8PMRGO/LQmAL2DF7p-000078", "method": "GET", "path": "/api/v1/audit-logs", "status": 200, "duration": "17.0025ms"}
2026-07-14T17:03:31.728+0700	INFO	http/middleware.go:32	http_request	{"request_id": "LAPTOP-AT8PMRGO/LQmAL2DF7p-000076", "method": "GET", "path": "/api/v1/attendance-logs", "status": 200, "duration": "61.4903ms"}
2026-07-14T17:03:31.729+0700	INFO	http/middleware.go:32	http_request	{"request_id": "LAPTOP-AT8PMRGO/LQmAL2DF7p-000072", "method": "GET", "path": "/api/v1/dashboard/stats", "status": 200, "duration": "63.5707ms"}
2026-07-14T17:03:31.734+0700	INFO	http/middleware.go:32	http_request	{"request_id": "LAPTOP-AT8PMRGO/LQmAL2DF7p-000073", "method": "GET", "path": "/api/v1/sync-history", "status": 200, "duration": "68.1834ms"}
2026-07-14T17:03:31.825+0700	INFO	http/middleware.go:32	http_request	{"request_id": "LAPTOP-AT8PMRGO/LQmAL2DF7p-000079", "method": "GET", "path": "/api/v1/daily-attendance/report", "status": 200, "duration": "8.7807ms"}
2026-07-14T17:03:31.995+0700	INFO	http/middleware.go:32	http_request	{"request_id": "LAPTOP-AT8PMRGO/LQmAL2DF7p-000080", "method": "GET", "path": "/api/v1/daily-attendance/report", "status": 200, "duration": "2.3669ms"}
2026-07-14T17:03:34.557+0700	INFO	http/middleware.go:32	http_request	{"request_id": "LAPTOP-AT8PMRGO/LQmAL2DF7p-000081", "method": "GET", "path": "/iclock/getrequest", "status": 200, "duration": "8.8841ms"}
2026-07-14T17:03:44.580+0700	INFO	http/middleware.go:32	http_request	{"request_id": "LAPTOP-AT8PMRGO/LQmAL2DF7p-000082", "method": "GET", "path": "/iclock/getrequest", "status": 200, "duration": "4.1066ms"}
2026-07-14T17:03:45.422+0700	INFO	http/middleware.go:32	http_request	{"request_id": "LAPTOP-AT8PMRGO/LQmAL2DF7p-000083", "method": "POST", "path": "/iclock/cdata", "status": 200, "duration": "18.8746ms"}
2026-07-14T17:03:45.483+0700	INFO	http/middleware.go:32	http_request	{"request_id": "LAPTOP-AT8PMRGO/LQmAL2DF7p-000084", "method": "GET", "path": "/api/v1/attendance-logs", "status": 200, "duration": "18.8727ms"}
2026-07-14T17:03:45.520+0700	INFO	http/middleware.go:32	http_request	{"request_id": "LAPTOP-AT8PMRGO/LQmAL2DF7p-000085", "method": "GET", "path": "/api/v1/devices", "status": 200, "duration": "4.0741ms"}
2026-07-14T17:03:45.555+0700	INFO	http/middleware.go:32	http_request	{"request_id": "LAPTOP-AT8PMRGO/LQmAL2DF7p-000086", "method": "GET", "path": "/api/v1/employees", "status": 200, "duration": "4.1015ms"}
2026-07-14T17:03:45.577+0700	INFO	http/middleware.go:32	http_request	{"request_id": "LAPTOP-AT8PMRGO/LQmAL2DF7p-000087", "method": "GET", "path": "/api/v1/attendance-logs", "status": 200, "duration": "19.186ms"}
2026-07-14T17:03:45.595+0700	INFO	http/middleware.go:32	http_request	{"request_id": "LAPTOP-AT8PMRGO/LQmAL2DF7p-000088", "method": "GET", "path": "/api/v1/daily-attendance/report", "status": 200, "duration": "21.3684ms"}
2026-07-14T17:03:45.616+0700	INFO	http/middleware.go:32	http_request	{"request_id": "LAPTOP-AT8PMRGO/LQmAL2DF7p-000092", "method": "GET", "path": "/api/v1/audit-logs", "status": 200, "duration": "24.1586ms"}
2026-07-14T17:03:45.621+0700	INFO	http/middleware.go:32	http_request	{"request_id": "LAPTOP-AT8PMRGO/LQmAL2DF7p-000091", "method": "GET", "path": "/api/v1/shifts", "status": 200, "duration": "37.9583ms"}
2026-07-14T17:03:45.648+0700	INFO	http/middleware.go:32	http_request	{"request_id": "LAPTOP-AT8PMRGO/LQmAL2DF7p-000090", "method": "GET", "path": "/api/v1/dashboard/stats", "status": 200, "duration": "66.6613ms"}
2026-07-14T17:03:45.673+0700	INFO	http/middleware.go:32	http_request	{"request_id": "LAPTOP-AT8PMRGO/LQmAL2DF7p-000089", "method": "GET", "path": "/api/v1/sync-history", "status": 200, "duration": "96.3448ms"}
2026-07-14T17:03:45.688+0700	INFO	http/middleware.go:32	http_request	{"request_id": "LAPTOP-AT8PMRGO/LQmAL2DF7p-000093", "method": "GET", "path": "/api/v1/devices", "status": 200, "duration": "563.9µs"}
2026-07-14T17:03:45.691+0700	INFO	http/middleware.go:32	http_request	{"request_id": "LAPTOP-AT8PMRGO/LQmAL2DF7p-000094", "method": "GET", "path": "/api/v1/employees", "status": 200, "duration": "2.9561ms"}
2026-07-14T17:03:45.704+0700	INFO	http/middleware.go:32	http_request	{"request_id": "LAPTOP-AT8PMRGO/LQmAL2DF7p-000095", "method": "GET", "path": "/api/v1/attendance-logs", "status": 200, "duration": "9.6786ms"}
2026-07-14T17:03:45.708+0700	INFO	http/middleware.go:32	http_request	{"request_id": "LAPTOP-AT8PMRGO/LQmAL2DF7p-000098", "method": "GET", "path": "/api/v1/shifts", "status": 200, "duration": "1.26ms"}
2026-07-14T17:03:45.718+0700	INFO	http/middleware.go:32	http_request	{"request_id": "LAPTOP-AT8PMRGO/LQmAL2DF7p-000100", "method": "GET", "path": "/api/v1/daily-attendance/report", "status": 200, "duration": "2.5482ms"}
2026-07-14T17:03:45.719+0700	INFO	http/middleware.go:32	http_request	{"request_id": "LAPTOP-AT8PMRGO/LQmAL2DF7p-000099", "method": "GET", "path": "/api/v1/audit-logs", "status": 200, "duration": "7.3058ms"}
2026-07-14T17:03:45.730+0700	INFO	http/middleware.go:32	http_request	{"request_id": "LAPTOP-AT8PMRGO/LQmAL2DF7p-000097", "method": "GET", "path": "/api/v1/dashboard/stats", "status": 200, "duration": "24.4097ms"}
2026-07-14T17:03:45.730+0700	INFO	http/middleware.go:32	http_request	{"request_id": "LAPTOP-AT8PMRGO/LQmAL2DF7p-000096", "method": "GET", "path": "/api/v1/sync-history", "status": 200, "duration": "25.7618ms"}
2026-07-14T17:03:45.812+0700	INFO	http/middleware.go:32	http_request	{"request_id": "LAPTOP-AT8PMRGO/LQmAL2DF7p-000104", "method": "GET", "path": "/api/v1/devices", "status": 200, "duration": "542.6µs"}
2026-07-14T17:03:45.814+0700	INFO	http/middleware.go:32	http_request	{"request_id": "LAPTOP-AT8PMRGO/LQmAL2DF7p-000101", "method": "GET", "path": "/api/v1/attendance-logs", "status": 200, "duration": "3.3535ms"}
2026-07-14T17:03:45.817+0700	INFO	http/middleware.go:32	http_request	{"request_id": "LAPTOP-AT8PMRGO/LQmAL2DF7p-000103", "method": "GET", "path": "/api/v1/shifts", "status": 200, "duration": "6.3113ms"}
2026-07-14T17:03:45.825+0700	INFO	http/middleware.go:32	http_request	{"request_id": "LAPTOP-AT8PMRGO/LQmAL2DF7p-000105", "method": "GET", "path": "/api/v1/employees", "status": 200, "duration": "12.8786ms"}
2026-07-14T17:03:45.856+0700	INFO	http/middleware.go:32	http_request	{"request_id": "LAPTOP-AT8PMRGO/LQmAL2DF7p-000107", "method": "GET", "path": "/api/v1/daily-attendance/report", "status": 200, "duration": "16.6901ms"}
2026-07-14T17:03:45.861+0700	INFO	http/middleware.go:32	http_request	{"request_id": "LAPTOP-AT8PMRGO/LQmAL2DF7p-000108", "method": "GET", "path": "/api/v1/audit-logs", "status": 200, "duration": "13.8458ms"}
2026-07-14T17:03:45.896+0700	INFO	http/middleware.go:32	http_request	{"request_id": "LAPTOP-AT8PMRGO/LQmAL2DF7p-000106", "method": "GET", "path": "/api/v1/dashboard/stats", "status": 200, "duration": "75.7177ms"}
2026-07-14T17:03:45.901+0700	INFO	http/middleware.go:32	http_request	{"request_id": "LAPTOP-AT8PMRGO/LQmAL2DF7p-000102", "method": "GET", "path": "/api/v1/sync-history", "status": 200, "duration": "89.7606ms"}
2026-07-14T17:03:45.966+0700	INFO	http/middleware.go:32	http_request	{"request_id": "LAPTOP-AT8PMRGO/LQmAL2DF7p-000109", "method": "GET", "path": "/api/v1/daily-attendance/report", "status": 200, "duration": "2.5384ms"}
2026-07-14T17:03:54.477+0700	INFO	http/middleware.go:32	http_request	{"request_id": "LAPTOP-AT8PMRGO/LQmAL2DF7p-000110", "method": "POST", "path": "/iclock/cdata", "status": 200, "duration": "18.8507ms"}
2026-07-14T17:03:54.497+0700	INFO	http/middleware.go:32	http_request	{"request_id": "LAPTOP-AT8PMRGO/LQmAL2DF7p-000111", "method": "GET", "path": "/api/v1/attendance-logs", "status": 200, "duration": "4.3977ms"}
2026-07-14T17:03:54.541+0700	INFO	http/middleware.go:32	http_request	{"request_id": "LAPTOP-AT8PMRGO/LQmAL2DF7p-000112", "method": "GET", "path": "/api/v1/devices", "status": 200, "duration": "10.0911ms"}
2026-07-14T17:03:54.546+0700	INFO	http/middleware.go:32	http_request	{"request_id": "LAPTOP-AT8PMRGO/LQmAL2DF7p-000113", "method": "GET", "path": "/api/v1/employees", "status": 200, "duration": "9.4319ms"}
2026-07-14T17:03:54.547+0700	INFO	http/middleware.go:32	http_request	{"request_id": "LAPTOP-AT8PMRGO/LQmAL2DF7p-000114", "method": "GET", "path": "/api/v1/attendance-logs", "status": 200, "duration": "9.7616ms"}
2026-07-14T17:03:54.566+0700	INFO	http/middleware.go:32	http_request	{"request_id": "LAPTOP-AT8PMRGO/LQmAL2DF7p-000117", "method": "GET", "path": "/api/v1/shifts", "status": 200, "duration": "2.5626ms"}
2026-07-14T17:03:54.569+0700	INFO	http/middleware.go:32	http_request	{"request_id": "LAPTOP-AT8PMRGO/LQmAL2DF7p-000118", "method": "GET", "path": "/api/v1/daily-attendance/report", "status": 200, "duration": "4.1945ms"}
2026-07-14T17:03:54.574+0700	INFO	http/middleware.go:32	http_request	{"request_id": "LAPTOP-AT8PMRGO/LQmAL2DF7p-000119", "method": "GET", "path": "/api/v1/audit-logs", "status": 200, "duration": "3.5822ms"}
2026-07-14T17:03:54.580+0700	INFO	http/middleware.go:32	http_request	{"request_id": "LAPTOP-AT8PMRGO/LQmAL2DF7p-000116", "method": "GET", "path": "/api/v1/dashboard/stats", "status": 200, "duration": "36.9552ms"}
2026-07-14T17:03:54.587+0700	INFO	http/middleware.go:32	http_request	{"request_id": "LAPTOP-AT8PMRGO/LQmAL2DF7p-000115", "method": "GET", "path": "/api/v1/sync-history", "status": 200, "duration": "45.7541ms"}
2026-07-14T17:03:54.605+0700	INFO	http/middleware.go:32	http_request	{"request_id": "LAPTOP-AT8PMRGO/LQmAL2DF7p-000120", "method": "GET", "path": "/api/v1/daily-attendance/report", "status": 200, "duration": "1.1983ms"}
2026-07-14T17:03:54.616+0700	INFO	http/middleware.go:32	http_request	{"request_id": "LAPTOP-AT8PMRGO/LQmAL2DF7p-000121", "method": "GET", "path": "/api/v1/devices", "status": 200, "duration": "510.4µs"}
2026-07-14T17:03:54.618+0700	INFO	http/middleware.go:32	http_request	{"request_id": "LAPTOP-AT8PMRGO/LQmAL2DF7p-000122", "method": "GET", "path": "/api/v1/employees", "status": 200, "duration": "2.0759ms"}
2026-07-14T17:03:54.622+0700	INFO	http/middleware.go:32	http_request	{"request_id": "LAPTOP-AT8PMRGO/LQmAL2DF7p-000123", "method": "GET", "path": "/api/v1/attendance-logs", "status": 200, "duration": "4.7009ms"}
2026-07-14T17:03:54.634+0700	INFO	http/middleware.go:32	http_request	{"request_id": "LAPTOP-AT8PMRGO/LQmAL2DF7p-000126", "method": "GET", "path": "/api/v1/shifts", "status": 200, "duration": "2.479ms"}
2026-07-14T17:03:54.644+0700	INFO	http/middleware.go:32	http_request	{"request_id": "LAPTOP-AT8PMRGO/LQmAL2DF7p-000127", "method": "GET", "path": "/api/v1/audit-logs", "status": 200, "duration": "12.7969ms"}
2026-07-14T17:03:54.657+0700	INFO	http/middleware.go:32	http_request	{"request_id": "LAPTOP-AT8PMRGO/LQmAL2DF7p-000125", "method": "GET", "path": "/api/v1/dashboard/stats", "status": 200, "duration": "28.4994ms"}
2026-07-14T17:03:54.660+0700	INFO	http/middleware.go:32	http_request	{"request_id": "LAPTOP-AT8PMRGO/LQmAL2DF7p-000128", "method": "GET", "path": "/api/v1/devices", "status": 200, "duration": "1.0556ms"}
2026-07-14T17:03:54.661+0700	INFO	http/middleware.go:32	http_request	{"request_id": "LAPTOP-AT8PMRGO/LQmAL2DF7p-000129", "method": "GET", "path": "/api/v1/employees", "status": 200, "duration": "1.1555ms"}
2026-07-14T17:03:54.665+0700	INFO	http/middleware.go:32	http_request	{"request_id": "LAPTOP-AT8PMRGO/LQmAL2DF7p-000130", "method": "GET", "path": "/api/v1/attendance-logs", "status": 200, "duration": "4.8459ms"}
2026-07-14T17:03:54.667+0700	INFO	http/middleware.go:32	http_request	{"request_id": "LAPTOP-AT8PMRGO/LQmAL2DF7p-000124", "method": "GET", "path": "/api/v1/sync-history", "status": 200, "duration": "40.6174ms"}
2026-07-14T17:03:54.679+0700	INFO	http/middleware.go:32	http_request	{"request_id": "LAPTOP-AT8PMRGO/LQmAL2DF7p-000134", "method": "GET", "path": "/api/v1/shifts", "status": 200, "duration": "1.55ms"}
2026-07-14T17:03:54.683+0700	INFO	http/middleware.go:32	http_request	{"request_id": "LAPTOP-AT8PMRGO/LQmAL2DF7p-000133", "method": "GET", "path": "/api/v1/audit-logs", "status": 200, "duration": "6.419ms"}
2026-07-14T17:03:54.704+0700	INFO	http/middleware.go:32	http_request	{"request_id": "LAPTOP-AT8PMRGO/LQmAL2DF7p-000132", "method": "GET", "path": "/api/v1/dashboard/stats", "status": 200, "duration": "43.5939ms"}
2026-07-14T17:03:54.711+0700	INFO	http/middleware.go:32	http_request	{"request_id": "LAPTOP-AT8PMRGO/LQmAL2DF7p-000131", "method": "GET", "path": "/api/v1/sync-history", "status": 200, "duration": "50.9632ms"}
2026-07-14T17:03:54.776+0700	INFO	http/middleware.go:32	http_request	{"request_id": "LAPTOP-AT8PMRGO/LQmAL2DF7p-000135", "method": "GET", "path": "/api/v1/daily-attendance/report", "status": 200, "duration": "2.321ms"}
2026-07-14T17:03:55.083+0700	INFO	http/middleware.go:32	http_request	{"request_id": "LAPTOP-AT8PMRGO/LQmAL2DF7p-000136", "method": "GET", "path": "/iclock/getrequest", "status": 200, "duration": "15.1766ms"}
2026-07-14T17:03:55.295+0700	INFO	http/middleware.go:32	http_request	{"request_id": "LAPTOP-AT8PMRGO/LQmAL2DF7p-000137", "method": "GET", "path": "/api/v1/daily-attendance/report", "status": 200, "duration": "1.2878ms"}
2026-07-14T17:04:04.549+0700	INFO	http/middleware.go:32	http_request	{"request_id": "LAPTOP-AT8PMRGO/LQmAL2DF7p-000138", "method": "GET", "path": "/iclock/getrequest", "status": 200, "duration": "2.442ms"}
2026-07-14T17:04:15.495+0700	INFO	http/middleware.go:32	http_request	{"request_id": "LAPTOP-AT8PMRGO/LQmAL2DF7p-000139", "method": "GET", "path": "/iclock/getrequest", "status": 200, "duration": "12.3774ms"}
2026-07-14T17:04:17.515+0700	INFO	http/middleware.go:32	http_request	{"request_id": "LAPTOP-AT8PMRGO/LQmAL2DF7p-000140", "method": "POST", "path": "/api/v1/employees/cee6a130-4a9b-43e4-8bb1-bd637b54811d/devices/dba701f3-fc74-4d79-8a43-5f989c29622d/sync", "status": 200, "duration": "131.0719ms"}
2026-07-14T17:04:17.556+0700	INFO	http/middleware.go:32	http_request	{"request_id": "LAPTOP-AT8PMRGO/LQmAL2DF7p-000141", "method": "GET", "path": "/api/v1/employees/cee6a130-4a9b-43e4-8bb1-bd637b54811d/fingerprints", "status": 200, "duration": "18.3014ms"}
2026-07-14T17:04:21.530+0700	INFO	http/middleware.go:32	http_request	{"request_id": "LAPTOP-AT8PMRGO/LQmAL2DF7p-000142", "method": "POST", "path": "/iclock/cdata", "status": 200, "duration": "6.6815ms"}
2026-07-14T17:04:25.571+0700	INFO	http/middleware.go:32	http_request	{"request_id": "LAPTOP-AT8PMRGO/LQmAL2DF7p-000143", "method": "GET", "path": "/iclock/getrequest", "status": 200, "duration": "5.0685ms"}
2026-07-14T17:04:25.852+0700	INFO	http/middleware.go:32	http_request	{"request_id": "LAPTOP-AT8PMRGO/LQmAL2DF7p-000144", "method": "POST", "path": "/iclock/devicecmd", "status": 200, "duration": "3.0381ms"}
2026-07-14T17:04:25.888+0700	INFO	http/middleware.go:32	http_request	{"request_id": "LAPTOP-AT8PMRGO/LQmAL2DF7p-000145", "method": "GET", "path": "/iclock/getrequest", "status": 200, "duration": "3.846ms"}
2026-07-14T17:04:26.166+0700	INFO	http/middleware.go:32	http_request	{"request_id": "LAPTOP-AT8PMRGO/LQmAL2DF7p-000146", "method": "POST", "path": "/iclock/devicecmd", "status": 200, "duration": "8.5544ms"}
2026-07-14T17:04:26.207+0700	INFO	http/middleware.go:32	http_request	{"request_id": "LAPTOP-AT8PMRGO/LQmAL2DF7p-000147", "method": "GET", "path": "/iclock/getrequest", "status": 200, "duration": "1.0297ms"}
2026-07-14T17:04:26.536+0700	INFO	http/middleware.go:32	http_request	{"request_id": "LAPTOP-AT8PMRGO/LQmAL2DF7p-000148", "method": "GET", "path": "/iclock/getrequest", "status": 200, "duration": "2.7069ms"}
2026-07-14T17:04:27.562+0700	INFO	http/middleware.go:32	http_request	{"request_id": "LAPTOP-AT8PMRGO/LQmAL2DF7p-000149", "method": "GET", "path": "/iclock/getrequest", "status": 200, "duration": "3.296ms"}
2026-07-14T17:04:29.498+0700	INFO	http/middleware.go:32	http_request	{"request_id": "LAPTOP-AT8PMRGO/LQmAL2DF7p-000150", "method": "GET", "path": "/iclock/getrequest", "status": 200, "duration": "2.5974ms"}
2026-07-14T17:04:31.540+0700	INFO	http/middleware.go:32	http_request	{"request_id": "LAPTOP-AT8PMRGO/LQmAL2DF7p-000151", "method": "GET", "path": "/iclock/getrequest", "status": 200, "duration": "2.1145ms"}
2026-07-14T17:04:34.480+0700	INFO	http/middleware.go:32	http_request	{"request_id": "LAPTOP-AT8PMRGO/LQmAL2DF7p-000152", "method": "GET", "path": "/iclock/getrequest", "status": 200, "duration": "2.1474ms"}
2026-07-14T17:04:37.516+0700	INFO	http/middleware.go:32	http_request	{"request_id": "LAPTOP-AT8PMRGO/LQmAL2DF7p-000153", "method": "GET", "path": "/iclock/getrequest", "status": 200, "duration": "1.8067ms"}
2026-07-14T17:04:41.563+0700	INFO	http/middleware.go:32	http_request	{"request_id": "LAPTOP-AT8PMRGO/LQmAL2DF7p-000154", "method": "GET", "path": "/iclock/getrequest", "status": 200, "duration": "1.6276ms"}
2026-07-14T17:04:45.516+0700	INFO	http/middleware.go:32	http_request	{"request_id": "LAPTOP-AT8PMRGO/LQmAL2DF7p-000155", "method": "GET", "path": "/iclock/getrequest", "status": 200, "duration": "2.1244ms"}
2026-07-14T17:04:50.581+0700	INFO	http/middleware.go:32	http_request	{"request_id": "LAPTOP-AT8PMRGO/LQmAL2DF7p-000156", "method": "GET", "path": "/iclock/getrequest", "status": 200, "duration": "2.3852ms"}
2026-07-14T17:04:55.537+0700	INFO	http/middleware.go:32	http_request	{"request_id": "LAPTOP-AT8PMRGO/LQmAL2DF7p-000157", "method": "GET", "path": "/iclock/getrequest", "status": 200, "duration": "5.3202ms"}
2026-07-14T17:05:02.745+0700	INFO	http/middleware.go:32	http_request	{"request_id": "LAPTOP-AT8PMRGO/LQmAL2DF7p-000158", "method": "GET", "path": "/iclock/getrequest", "status": 200, "duration": "1.7318ms"}
2026-07-14T17:05:08.500+0700	INFO	http/middleware.go:32	http_request	{"request_id": "LAPTOP-AT8PMRGO/LQmAL2DF7p-000159", "method": "GET", "path": "/iclock/getrequest", "status": 200, "duration": "2.2546ms"}
2026-07-14T17:05:15.599+0700	INFO	http/middleware.go:32	http_request	{"request_id": "LAPTOP-AT8PMRGO/LQmAL2DF7p-000160", "method": "GET", "path": "/iclock/getrequest", "status": 200, "duration": "9.8192ms"}
2026-07-14T17:05:22.563+0700	INFO	http/middleware.go:32	http_request	{"request_id": "LAPTOP-AT8PMRGO/LQmAL2DF7p-000161", "method": "GET", "path": "/iclock/getrequest", "status": 200, "duration": "4.314ms"}
2026-07-14T17:05:30.526+0700	INFO	http/middleware.go:32	http_request	{"request_id": "LAPTOP-AT8PMRGO/LQmAL2DF7p-000162", "method": "GET", "path": "/iclock/getrequest", "status": 200, "duration": "4.121ms"}
2026-07-14T17:05:38.502+0700	INFO	http/middleware.go:32	http_request	{"request_id": "LAPTOP-AT8PMRGO/LQmAL2DF7p-000163", "method": "GET", "path": "/iclock/getrequest", "status": 200, "duration": "4.8943ms"}
2026-07-14T17:05:47.583+0700	INFO	http/middleware.go:32	http_request	{"request_id": "LAPTOP-AT8PMRGO/LQmAL2DF7p-000164", "method": "GET", "path": "/iclock/getrequest", "status": 200, "duration": "2.8459ms"}
2026-07-14T17:05:56.519+0700	INFO	http/middleware.go:32	http_request	{"request_id": "LAPTOP-AT8PMRGO/LQmAL2DF7p-000165", "method": "GET", "path": "/iclock/getrequest", "status": 200, "duration": "2.232ms"}
2026-07-14T17:06:07.580+0700	INFO	http/middleware.go:32	http_request	{"request_id": "LAPTOP-AT8PMRGO/LQmAL2DF7p-000166", "method": "GET", "path": "/iclock/getrequest", "status": 200, "duration": "2.8194ms"}
2026-07-14T17:06:17.552+0700	INFO	http/middleware.go:32	http_request	{"request_id": "LAPTOP-AT8PMRGO/LQmAL2DF7p-000167", "method": "GET", "path": "/iclock/getrequest", "status": 200, "duration": "1.5828ms"}
2026-07-14T17:06:27.528+0700	INFO	http/middleware.go:32	http_request	{"request_id": "LAPTOP-AT8PMRGO/LQmAL2DF7p-000168", "method": "GET", "path": "/iclock/getrequest", "status": 200, "duration": "1.1551ms"}
2026-07-14T17:06:37.526+0700	INFO	http/middleware.go:32	http_request	{"request_id": "LAPTOP-AT8PMRGO/LQmAL2DF7p-000169", "method": "GET", "path": "/iclock/getrequest", "status": 200, "duration": "4.306ms"}
2026-07-14T17:06:47.514+0700	INFO	http/middleware.go:32	http_request	{"request_id": "LAPTOP-AT8PMRGO/LQmAL2DF7p-000170", "method": "GET", "path": "/iclock/getrequest", "status": 200, "duration": "4.5184ms"}
2026-07-14T17:06:57.598+0700	INFO	http/middleware.go:32	http_request	{"request_id": "LAPTOP-AT8PMRGO/LQmAL2DF7p-000171", "method": "GET", "path": "/iclock/getrequest", "status": 200, "duration": "1.9188ms"}
2026-07-14T17:07:08.546+0700	INFO	http/middleware.go:32	http_request	{"request_id": "LAPTOP-AT8PMRGO/LQmAL2DF7p-000172", "method": "GET", "path": "/iclock/getrequest", "status": 200, "duration": "2.7045ms"}
2026-07-14T17:07:18.529+0700	INFO	http/middleware.go:32	http_request	{"request_id": "LAPTOP-AT8PMRGO/LQmAL2DF7p-000173", "method": "GET", "path": "/iclock/getrequest", "status": 200, "duration": "2.7179ms"}
2026-07-14T17:07:28.746+0700	INFO	http/middleware.go:32	http_request	{"request_id": "LAPTOP-AT8PMRGO/LQmAL2DF7p-000174", "method": "GET", "path": "/iclock/getrequest", "status": 200, "duration": "2.1068ms"}
2026-07-14T17:07:38.523+0700	INFO	http/middleware.go:32	http_request	{"request_id": "LAPTOP-AT8PMRGO/LQmAL2DF7p-000175", "method": "GET", "path": "/iclock/getrequest", "status": 200, "duration": "2.6905ms"}
2026-07-14T17:07:48.607+0700	INFO	http/middleware.go:32	http_request	{"request_id": "LAPTOP-AT8PMRGO/LQmAL2DF7p-000176", "method": "GET", "path": "/iclock/getrequest", "status": 200, "duration": "2.2397ms"}
2026-07-14T17:07:58.583+0700	INFO	http/middleware.go:32	http_request	{"request_id": "LAPTOP-AT8PMRGO/LQmAL2DF7p-000177", "method": "GET", "path": "/iclock/getrequest", "status": 200, "duration": "2.4099ms"}
2026-07-14T17:08:09.557+0700	INFO	http/middleware.go:32	http_request	{"request_id": "LAPTOP-AT8PMRGO/LQmAL2DF7p-000178", "method": "GET", "path": "/iclock/getrequest", "status": 200, "duration": "1.0417ms"}
2026-07-14T17:08:19.538+0700	INFO	http/middleware.go:32	http_request	{"request_id": "LAPTOP-AT8PMRGO/LQmAL2DF7p-000179", "method": "GET", "path": "/iclock/getrequest", "status": 200, "duration": "2.3366ms"}
2026-07-14T17:08:29.614+0700	INFO	http/middleware.go:32	http_request	{"request_id": "LAPTOP-AT8PMRGO/LQmAL2DF7p-000180", "method": "GET", "path": "/iclock/getrequest", "status": 200, "duration": "2.1778ms"}
2026-07-14T17:08:39.639+0700	INFO	http/middleware.go:32	http_request	{"request_id": "LAPTOP-AT8PMRGO/LQmAL2DF7p-000181", "method": "GET", "path": "/iclock/getrequest", "status": 200, "duration": "21.2101ms"}
2026-07-14T17:08:49.531+0700	INFO	http/middleware.go:32	http_request	{"request_id": "LAPTOP-AT8PMRGO/LQmAL2DF7p-000182", "method": "GET", "path": "/iclock/getrequest", "status": 200, "duration": "3.6992ms"}
2026-07-14T17:09:00.057+0700	INFO	http/middleware.go:32	http_request	{"request_id": "LAPTOP-AT8PMRGO/LQmAL2DF7p-000183", "method": "GET", "path": "/iclock/getrequest", "status": 200, "duration": "3.8721ms"}
2026-07-14T17:09:10.589+0700	INFO	http/middleware.go:32	http_request	{"request_id": "LAPTOP-AT8PMRGO/LQmAL2DF7p-000184", "method": "GET", "path": "/iclock/getrequest", "status": 200, "duration": "3.6705ms"}
2026-07-14T17:09:20.563+0700	INFO	http/middleware.go:32	http_request	{"request_id": "LAPTOP-AT8PMRGO/LQmAL2DF7p-000185", "method": "GET", "path": "/iclock/getrequest", "status": 200, "duration": "3.1487ms"}
2026-07-14T17:09:30.536+0700	INFO	http/middleware.go:32	http_request	{"request_id": "LAPTOP-AT8PMRGO/LQmAL2DF7p-000186", "method": "GET", "path": "/iclock/getrequest", "status": 200, "duration": "3.8275ms"}
2026-07-14T17:09:40.614+0700	INFO	http/middleware.go:32	http_request	{"request_id": "LAPTOP-AT8PMRGO/LQmAL2DF7p-000187", "method": "GET", "path": "/iclock/getrequest", "status": 200, "duration": "2.7527ms"}
2026-07-14T17:09:50.651+0700	INFO	http/middleware.go:32	http_request	{"request_id": "LAPTOP-AT8PMRGO/LQmAL2DF7p-000188", "method": "GET", "path": "/iclock/getrequest", "status": 200, "duration": "3.1563ms"}
2026-07-14T17:10:00.635+0700	INFO	http/middleware.go:32	http_request	{"request_id": "LAPTOP-AT8PMRGO/LQmAL2DF7p-000189", "method": "GET", "path": "/iclock/getrequest", "status": 200, "duration": "11.2325ms"}
2026-07-14T17:10:11.600+0700	INFO	http/middleware.go:32	http_request	{"request_id": "LAPTOP-AT8PMRGO/LQmAL2DF7p-000190", "method": "GET", "path": "/iclock/getrequest", "status": 200, "duration": "5.2215ms"}
2026-07-14T17:10:21.577+0700	INFO	http/middleware.go:32	http_request	{"request_id": "LAPTOP-AT8PMRGO/LQmAL2DF7p-000191", "method": "GET", "path": "/iclock/getrequest", "status": 200, "duration": "2.8747ms"}
2026-07-14T17:10:31.561+0700	INFO	http/middleware.go:32	http_request	{"request_id": "LAPTOP-AT8PMRGO/LQmAL2DF7p-000192", "method": "GET", "path": "/iclock/getrequest", "status": 200, "duration": "3.6758ms"}
2026-07-14T17:10:41.541+0700	INFO	http/middleware.go:32	http_request	{"request_id": "LAPTOP-AT8PMRGO/LQmAL2DF7p-000193", "method": "GET", "path": "/iclock/getrequest", "status": 200, "duration": "1.7022ms"}
2026-07-14T17:10:51.617+0700	INFO	http/middleware.go:32	http_request	{"request_id": "LAPTOP-AT8PMRGO/LQmAL2DF7p-000194", "method": "GET", "path": "/iclock/getrequest", "status": 200, "duration": "1.1119ms"}
2026-07-14T17:11:01.585+0700	INFO	http/middleware.go:32	http_request	{"request_id": "LAPTOP-AT8PMRGO/LQmAL2DF7p-000195", "method": "GET", "path": "/iclock/getrequest", "status": 200, "duration": "1.6712ms"}
2026-07-14T17:11:12.552+0700	INFO	http/middleware.go:32	http_request	{"request_id": "LAPTOP-AT8PMRGO/LQmAL2DF7p-000196", "method": "GET", "path": "/iclock/getrequest", "status": 200, "duration": "6.2832ms"}
2026-07-14T17:11:22.632+0700	INFO	http/middleware.go:32	http_request	{"request_id": "LAPTOP-AT8PMRGO/LQmAL2DF7p-000197", "method": "GET", "path": "/iclock/getrequest", "status": 200, "duration": "5.8692ms"}
2026-07-14T17:11:32.688+0700	INFO	http/middleware.go:32	http_request	{"request_id": "LAPTOP-AT8PMRGO/LQmAL2DF7p-000198", "method": "GET", "path": "/iclock/getrequest", "status": 200, "duration": "3.2184ms"}
2026-07-14T17:11:42.563+0700	INFO	http/middleware.go:32	http_request	{"request_id": "LAPTOP-AT8PMRGO/LQmAL2DF7p-000199", "method": "GET", "path": "/iclock/getrequest", "status": 200, "duration": "3.1969ms"}
2026-07-14T17:11:52.556+0700	INFO	http/middleware.go:32	http_request	{"request_id": "LAPTOP-AT8PMRGO/LQmAL2DF7p-000200", "method": "GET", "path": "/iclock/getrequest", "status": 200, "duration": "3.5581ms"}
2026-07-14T17:12:02.971+0700	INFO	http/middleware.go:32	http_request	{"request_id": "LAPTOP-AT8PMRGO/LQmAL2DF7p-000201", "method": "GET", "path": "/iclock/getrequest", "status": 200, "duration": "6.4464ms"}
2026-07-14T17:12:15.146+0700	INFO	http/middleware.go:32	http_request	{"request_id": "LAPTOP-AT8PMRGO/LQmAL2DF7p-000202", "method": "GET", "path": "/iclock/getrequest", "status": 200, "duration": "27.4187ms"}
2026-07-14T17:12:15.873+0700	INFO	http/middleware.go:32	http_request	{"request_id": "LAPTOP-AT8PMRGO/LQmAL2DF7p-000018", "method": "GET", "path": "/api/v1/stream", "status": 200, "duration": "9m6.5125355s"}
